level=INFO ts=2022-08-23 12:54:18.204 caller=restartedMain component=org.springframework.boot.StartupInfoLogger discovery=D msg=Starting UniProjectApplication using Java 11.0.16 on wsl268 with PID 47699 (/home/dhaini/Desktop/MontyMobile Training /uniProject/target/classes started by dhaini in /home/dhaini/Desktop/MontyMobile Training /uniProject)
level=INFO ts=2022-08-23 12:54:18.257 caller=restartedMain component=org.springframework.boot.SpringApplication discovery=D msg=No active profile set, falling back to 1 default profile: "default"
level=INFO ts=2022-08-23 12:54:18.369 caller=restartedMain component=org.springframework.boot.logging.DeferredLog discovery=D msg=Devtools property defaults active! Set 'spring.devtools.add-properties' to 'false' to disable
level=INFO ts=2022-08-23 12:54:18.370 caller=restartedMain component=org.springframework.boot.logging.DeferredLog discovery=D msg=For additional web related logging consider setting the 'logging.level.web' property to 'DEBUG'
level=INFO ts=2022-08-23 12:54:20.276 caller=restartedMain component=org.springframework.data.repository.config.RepositoryConfigurationDelegate discovery=D msg=Multiple Spring Data modules found, entering strict repository configuration mode
level=INFO ts=2022-08-23 12:54:20.279 caller=restartedMain component=org.springframework.data.repository.config.RepositoryConfigurationDelegate discovery=D msg=Bootstrapping Spring Data JPA repositories in DEFAULT mode.
level=INFO ts=2022-08-23 12:54:20.633 caller=restartedMain component=org.springframework.data.repository.config.RepositoryConfigurationDelegate discovery=D msg=Finished Spring Data repository scanning in 342 ms. Found 5 JPA repository interfaces.
level=INFO ts=2022-08-23 12:54:20.683 caller=restartedMain component=org.springframework.data.repository.config.RepositoryConfigurationDelegate discovery=D msg=Multiple Spring Data modules found, entering strict repository configuration mode
level=INFO ts=2022-08-23 12:54:20.687 caller=restartedMain component=org.springframework.data.repository.config.RepositoryConfigurationDelegate discovery=D msg=Bootstrapping Spring Data Redis repositories in DEFAULT mode.
level=INFO ts=2022-08-23 12:54:20.724 caller=restartedMain component=org.springframework.data.repository.config.RepositoryConfigurationExtensionSupport discovery=D msg=Spring Data Redis - Could not safely identify store assignment for repository candidate interface com.projectV1.uniProject.Repositories.CourseRepository; If you want this repository to be a Redis repository, consider annotating your entities with one of these annotations: org.springframework.data.redis.core.RedisHash (preferred), or consider extending one of the following types with your repository: org.springframework.data.keyvalue.repository.KeyValueRepository
level=INFO ts=2022-08-23 12:54:20.726 caller=restartedMain component=org.springframework.data.repository.config.RepositoryConfigurationExtensionSupport discovery=D msg=Spring Data Redis - Could not safely identify store assignment for repository candidate interface com.projectV1.uniProject.Repositories.InstructorRepository; If you want this repository to be a Redis repository, consider annotating your entities with one of these annotations: org.springframework.data.redis.core.RedisHash (preferred), or consider extending one of the following types with your repository: org.springframework.data.keyvalue.repository.KeyValueRepository
level=INFO ts=2022-08-23 12:54:20.727 caller=restartedMain component=org.springframework.data.repository.config.RepositoryConfigurationExtensionSupport discovery=D msg=Spring Data Redis - Could not safely identify store assignment for repository candidate interface com.projectV1.uniProject.Repositories.StudentEnrollCourseRepository; If you want this repository to be a Redis repository, consider annotating your entities with one of these annotations: org.springframework.data.redis.core.RedisHash (preferred), or consider extending one of the following types with your repository: org.springframework.data.keyvalue.repository.KeyValueRepository
level=INFO ts=2022-08-23 12:54:20.728 caller=restartedMain component=org.springframework.data.repository.config.RepositoryConfigurationExtensionSupport discovery=D msg=Spring Data Redis - Could not safely identify store assignment for repository candidate interface com.projectV1.uniProject.Repositories.StudentRepository; If you want this repository to be a Redis repository, consider annotating your entities with one of these annotations: org.springframework.data.redis.core.RedisHash (preferred), or consider extending one of the following types with your repository: org.springframework.data.keyvalue.repository.KeyValueRepository
level=INFO ts=2022-08-23 12:54:20.729 caller=restartedMain component=org.springframework.data.repository.config.RepositoryConfigurationExtensionSupport discovery=D msg=Spring Data Redis - Could not safely identify store assignment for repository candidate interface com.projectV1.uniProject.Repositories.UserRepository; If you want this repository to be a Redis repository, consider annotating your entities with one of these annotations: org.springframework.data.redis.core.RedisHash (preferred), or consider extending one of the following types with your repository: org.springframework.data.keyvalue.repository.KeyValueRepository
level=INFO ts=2022-08-23 12:54:20.729 caller=restartedMain component=org.springframework.data.repository.config.RepositoryConfigurationDelegate discovery=D msg=Finished Spring Data repository scanning in 13 ms. Found 0 Redis repository interfaces.
level=INFO ts=2022-08-23 12:54:22.465 caller=restartedMain component=org.springframework.boot.web.embedded.tomcat.TomcatWebServer discovery=D msg=Tomcat initialized with port(s): 8080 (http)
level=INFO ts=2022-08-23 12:54:22.492 caller=restartedMain component=org.apache.juli.logging.DirectJDKLog discovery=D msg=Initializing ProtocolHandler ["http-nio-8080"]
level=INFO ts=2022-08-23 12:54:22.493 caller=restartedMain component=org.apache.juli.logging.DirectJDKLog discovery=D msg=Starting service [Tomcat]
level=INFO ts=2022-08-23 12:54:22.494 caller=restartedMain component=org.apache.juli.logging.DirectJDKLog discovery=D msg=Starting Servlet engine: [Apache Tomcat/9.0.65]
level=INFO ts=2022-08-23 12:54:22.633 caller=restartedMain component=org.apache.juli.logging.DirectJDKLog discovery=D msg=Initializing Spring embedded WebApplicationContext
level=INFO ts=2022-08-23 12:54:22.633 caller=restartedMain component=org.springframework.boot.web.servlet.context.ServletWebServerApplicationContext discovery=D msg=Root WebApplicationContext: initialization completed in 4263 ms
level=INFO ts=2022-08-23 12:54:23.481 caller=restartedMain component=org.hibernate.jpa.internal.util.LogHelper discovery=D msg=HHH000204: Processing PersistenceUnitInfo [name: default]
level=INFO ts=2022-08-23 12:54:23.595 caller=restartedMain component=org.hibernate.Version discovery=D msg=HHH000412: Hibernate ORM core version 5.6.10.Final
level=INFO ts=2022-08-23 12:54:24.000 caller=restartedMain component=org.hibernate.annotations.common.reflection.java.JavaReflectionManager discovery=D msg=HCANN000001: Hibernate Commons Annotations {5.1.2.Final}
level=INFO ts=2022-08-23 12:54:24.505 caller=restartedMain component=com.zaxxer.hikari.HikariDataSource discovery=D msg=HikariPool-1 - Starting...
level=INFO ts=2022-08-23 12:54:25.617 caller=restartedMain component=com.zaxxer.hikari.HikariDataSource discovery=D msg=HikariPool-1 - Start completed.
level=INFO ts=2022-08-23 12:54:25.821 caller=restartedMain component=org.hibernate.dialect.Dialect discovery=D msg=HHH000400: Using dialect: org.hibernate.dialect.PostgreSQLDialect
level=INFO ts=2022-08-23 12:54:30.239 caller=restartedMain component=org.hibernate.engine.transaction.jta.platform.internal.JtaPlatformInitiator discovery=D msg=HHH000490: Using JtaPlatform implementation: [org.hibernate.engine.transaction.jta.platform.internal.NoJtaPlatform]
level=INFO ts=2022-08-23 12:54:30.262 caller=restartedMain component=org.springframework.orm.jpa.AbstractEntityManagerFactoryBean discovery=D msg=Initialized JPA EntityManagerFactory for persistence unit 'default'
level=INFO ts=2022-08-23 12:54:33.015 caller=restartedMain component=org.springframework.security.web.DefaultSecurityFilterChain discovery=D msg=Will secure any request with [org.springframework.security.web.session.DisableEncodeUrlFilter@1743f233, org.springframework.security.web.context.request.async.WebAsyncManagerIntegrationFilter@7170e32a, org.springframework.security.web.context.SecurityContextPersistenceFilter@2761b92a, org.springframework.security.web.header.HeaderWriterFilter@24909b0c, org.springframework.security.web.authentication.logout.LogoutFilter@47b1252e, com.projectV1.uniProject.Filters.JwtRequestFilter@7c45a025, org.springframework.security.web.savedrequest.RequestCacheAwareFilter@aaa938e, org.springframework.security.web.servletapi.SecurityContextHolderAwareRequestFilter@7e363865, org.springframework.security.web.authentication.AnonymousAuthenticationFilter@7ae1eeac, org.springframework.security.web.session.SessionManagementFilter@6fb9f328, org.springframework.security.web.access.ExceptionTranslationFilter@3474951b, org.springframework.security.web.access.intercept.FilterSecurityInterceptor@56aad0b6]
level=INFO ts=2022-08-23 12:54:34.638 caller=restartedMain component=org.springframework.boot.devtools.autoconfigure.OptionalLiveReloadServer discovery=D msg=LiveReload server is running on port 35729
level=INFO ts=2022-08-23 12:54:34.651 caller=restartedMain component=org.springframework.boot.actuate.endpoint.web.EndpointLinksResolver discovery=D msg=Exposing 1 endpoint(s) beneath base path '/actuator'
level=INFO ts=2022-08-23 12:54:34.695 caller=restartedMain component=org.apache.juli.logging.DirectJDKLog discovery=D msg=Starting ProtocolHandler ["http-nio-8080"]
level=INFO ts=2022-08-23 12:54:34.733 caller=restartedMain component=org.springframework.boot.web.embedded.tomcat.TomcatWebServer discovery=D msg=Tomcat started on port(s): 8080 (http) with context path ''
level=INFO ts=2022-08-23 12:54:34.761 caller=restartedMain component=org.springframework.boot.StartupInfoLogger discovery=D msg=Started UniProjectApplication in 17.461 seconds (JVM running for 19.478)
level=INFO ts=2022-08-23 12:55:50.700 caller=http-nio-8080-exec-1 component=org.apache.juli.logging.DirectJDKLog discovery=D msg=Initializing Spring DispatcherServlet 'dispatcherServlet'
level=INFO ts=2022-08-23 12:55:50.702 caller=http-nio-8080-exec-1 component=org.springframework.web.servlet.FrameworkServlet discovery=D msg=Initializing Servlet 'dispatcherServlet'
level=INFO ts=2022-08-23 12:55:50.706 caller=http-nio-8080-exec-1 component=org.springframework.web.servlet.FrameworkServlet discovery=D msg=Completed initialization in 3 ms
level=INFO ts=2022-08-23 12:57:42.169 caller=SpringApplicationShutdownHook component=org.springframework.orm.jpa.AbstractEntityManagerFactoryBean discovery=D msg=Closing JPA EntityManagerFactory for persistence unit 'default'
level=INFO ts=2022-08-23 12:57:42.177 caller=SpringApplicationShutdownHook component=com.zaxxer.hikari.HikariDataSource discovery=D msg=HikariPool-1 - Shutdown initiated...
level=INFO ts=2022-08-23 12:57:42.204 caller=SpringApplicationShutdownHook component=com.zaxxer.hikari.HikariDataSource discovery=D msg=HikariPool-1 - Shutdown completed.
