level=WARN ts=2022-08-11 09:51:21.128 caller=restartedMain component=org.springframework.boot.autoconfigure.orm.jpa.JpaBaseConfiguration$JpaWebConfiguration discovery=D msg=spring.jpa.open-in-view is enabled by default. Therefore, database queries may be performed during view rendering. Explicitly configure spring.jpa.open-in-view to disable this warning
level=WARN ts=2022-08-11 09:52:34.169 caller=restartedMain component=org.springframework.boot.autoconfigure.orm.jpa.JpaBaseConfiguration$JpaWebConfiguration discovery=D msg=spring.jpa.open-in-view is enabled by default. Therefore, database queries may be performed during view rendering. Explicitly configure spring.jpa.open-in-view to disable this warning
level=WARN ts=2022-08-11 09:53:42.352 caller=restartedMain component=org.springframework.boot.autoconfigure.orm.jpa.JpaBaseConfiguration$JpaWebConfiguration discovery=D msg=spring.jpa.open-in-view is enabled by default. Therefore, database queries may be performed during view rendering. Explicitly configure spring.jpa.open-in-view to disable this warning
level=WARN ts=2022-08-11 09:53:53.013 caller=http-nio-8080-exec-2 component=org.springframework.web.servlet.handler.AbstractHandlerExceptionResolver discovery=D msg=Resolved [org.springframework.web.HttpRequestMethodNotSupportedException: Request method 'GET' not supported]
level=WARN ts=2022-08-11 10:06:51.869 caller=http-nio-8080-exec-3 component=org.springframework.web.servlet.handler.AbstractHandlerExceptionResolver discovery=D msg=Resolved [com.projectV1.uniProject.Exceptions.RoleInvalidException: instructor is not a valid role!]
level=WARN ts=2022-08-11 10:07:23.104 caller=http-nio-8080-exec-4 component=org.springframework.web.servlet.handler.AbstractHandlerExceptionResolver discovery=D msg=Resolved [com.projectV1.uniProject.Exceptions.RoleInvalidException: Instructor is not a valid role!]
level=WARN ts=2022-08-11 10:08:18.235 caller=restartedMain component=org.springframework.boot.autoconfigure.orm.jpa.JpaBaseConfiguration$JpaWebConfiguration discovery=D msg=spring.jpa.open-in-view is enabled by default. Therefore, database queries may be performed during view rendering. Explicitly configure spring.jpa.open-in-view to disable this warning
level=WARN ts=2022-08-11 11:31:51.191 caller=http-nio-8080-exec-4 component=org.hibernate.engine.jdbc.spi.SqlExceptionHelper discovery=D msg=SQL Error: 0, SQLState: 23505
level=WARN ts=2022-08-11 11:33:34.685 caller=restartedMain component=org.springframework.boot.autoconfigure.orm.jpa.JpaBaseConfiguration$JpaWebConfiguration discovery=D msg=spring.jpa.open-in-view is enabled by default. Therefore, database queries may be performed during view rendering. Explicitly configure spring.jpa.open-in-view to disable this warning
level=WARN ts=2022-08-11 11:33:42.117 caller=http-nio-8080-exec-1 component=org.hibernate.engine.jdbc.spi.SqlExceptionHelper discovery=D msg=SQL Error: 0, SQLState: 23505
level=WARN ts=2022-08-11 11:33:42.161 caller=http-nio-8080-exec-1 component=org.springframework.web.servlet.handler.AbstractHandlerExceptionResolver discovery=D msg=Resolved [com.projectV1.uniProject.Exceptions.RoleInvalidException: Instructor is not a valid role!]
level=WARN ts=2022-08-11 11:33:53.304 caller=http-nio-8080-exec-3 component=org.hibernate.engine.jdbc.spi.SqlExceptionHelper discovery=D msg=SQL Error: 0, SQLState: 23505
level=WARN ts=2022-08-11 11:33:53.307 caller=http-nio-8080-exec-3 component=org.springframework.web.servlet.handler.AbstractHandlerExceptionResolver discovery=D msg=Resolved [com.projectV1.uniProject.Exceptions.RoleInvalidException: Instructor is not a valid role!]
level=WARN ts=2022-08-11 11:34:15.069 caller=http-nio-8080-exec-4 component=org.hibernate.engine.jdbc.spi.SqlExceptionHelper discovery=D msg=SQL Error: 0, SQLState: 23505
level=WARN ts=2022-08-11 11:34:15.072 caller=http-nio-8080-exec-4 component=org.springframework.web.servlet.handler.AbstractHandlerExceptionResolver discovery=D msg=Resolved [com.projectV1.uniProject.Exceptions.RoleInvalidException: Instructor is not a valid role!]
level=WARN ts=2022-08-11 11:34:29.868 caller=restartedMain component=org.springframework.boot.autoconfigure.orm.jpa.JpaBaseConfiguration$JpaWebConfiguration discovery=D msg=spring.jpa.open-in-view is enabled by default. Therefore, database queries may be performed during view rendering. Explicitly configure spring.jpa.open-in-view to disable this warning
level=WARN ts=2022-08-11 11:34:39.706 caller=http-nio-8080-exec-1 component=org.hibernate.engine.jdbc.spi.SqlExceptionHelper discovery=D msg=SQL Error: 0, SQLState: 23505
level=WARN ts=2022-08-11 11:34:39.757 caller=http-nio-8080-exec-1 component=org.springframework.web.servlet.handler.AbstractHandlerExceptionResolver discovery=D msg=Resolved [com.projectV1.uniProject.Exceptions.RoleInvalidException: Instructor is not a valid role!]
level=WARN ts=2022-08-11 11:34:51.095 caller=http-nio-8080-exec-3 component=org.springframework.web.servlet.handler.AbstractHandlerExceptionResolver discovery=D msg=Resolved [com.projectV1.uniProject.Exceptions.RoleInvalidException: Instructor  is not a valid role!]
level=WARN ts=2022-08-11 11:35:24.636 caller=restartedMain component=org.springframework.boot.autoconfigure.orm.jpa.JpaBaseConfiguration$JpaWebConfiguration discovery=D msg=spring.jpa.open-in-view is enabled by default. Therefore, database queries may be performed during view rendering. Explicitly configure spring.jpa.open-in-view to disable this warning
level=WARN ts=2022-08-11 11:35:32.686 caller=http-nio-8080-exec-1 component=org.hibernate.engine.jdbc.spi.SqlExceptionHelper discovery=D msg=SQL Error: 0, SQLState: 23505
level=WARN ts=2022-08-11 11:35:32.732 caller=http-nio-8080-exec-1 component=org.springframework.web.servlet.handler.AbstractHandlerExceptionResolver discovery=D msg=Resolved [com.projectV1.uniProject.Exceptions.RoleInvalidException: Instructor is not a valid role!]
level=WARN ts=2022-08-11 11:40:49.384 caller=restartedMain component=org.springframework.boot.autoconfigure.orm.jpa.JpaBaseConfiguration$JpaWebConfiguration discovery=D msg=spring.jpa.open-in-view is enabled by default. Therefore, database queries may be performed during view rendering. Explicitly configure spring.jpa.open-in-view to disable this warning
level=WARN ts=2022-08-11 11:41:05.831 caller=http-nio-8080-exec-2 component=org.hibernate.engine.jdbc.spi.SqlExceptionHelper discovery=D msg=SQL Error: 0, SQLState: 23505
level=WARN ts=2022-08-11 11:41:05.875 caller=http-nio-8080-exec-2 component=org.springframework.web.servlet.handler.AbstractHandlerExceptionResolver discovery=D msg=Resolved [org.springframework.dao.DataIntegrityViolationException: could not execute statement; SQL [n/a]; constraint [users_username_key]; nested exception is org.hibernate.exception.ConstraintViolationException: could not execute statement]
level=WARN ts=2022-08-11 11:44:32.412 caller=restartedMain component=org.apache.juli.logging.DirectJDKLog discovery=D msg=The web application [ROOT] appears to have started a thread named [HikariPool-1 housekeeper] but has failed to stop it. This is very likely to create a memory leak. Stack trace of thread:
 java.base@11.0.16/jdk.internal.misc.Unsafe.park(Native Method)
 java.base@11.0.16/java.util.concurrent.locks.LockSupport.parkNanos(LockSupport.java:234)
 java.base@11.0.16/java.util.concurrent.locks.AbstractQueuedSynchronizer$ConditionObject.awaitNanos(AbstractQueuedSynchronizer.java:2123)
 java.base@11.0.16/java.util.concurrent.ScheduledThreadPoolExecutor$DelayedWorkQueue.take(ScheduledThreadPoolExecutor.java:1182)
 java.base@11.0.16/java.util.concurrent.ScheduledThreadPoolExecutor$DelayedWorkQueue.take(ScheduledThreadPoolExecutor.java:899)
 java.base@11.0.16/java.util.concurrent.ThreadPoolExecutor.getTask(ThreadPoolExecutor.java:1054)
 java.base@11.0.16/java.util.concurrent.ThreadPoolExecutor.runWorker(ThreadPoolExecutor.java:1114)
 java.base@11.0.16/java.util.concurrent.ThreadPoolExecutor$Worker.run(ThreadPoolExecutor.java:628)
 java.base@11.0.16/java.lang.Thread.run(Thread.java:829)
level=WARN ts=2022-08-11 11:44:32.413 caller=restartedMain component=org.apache.juli.logging.DirectJDKLog discovery=D msg=The web application [ROOT] appears to have started a thread named [HikariPool-1 connection adder] but has failed to stop it. This is very likely to create a memory leak. Stack trace of thread:
 java.base@11.0.16/java.nio.HeapByteBuffer.get(HeapByteBuffer.java:183)
 java.base@11.0.16/java.nio.ByteBuffer.get(ByteBuffer.java:770)
 java.base@11.0.16/sun.security.ssl.RandomCookie.<init>(RandomCookie.java:103)
 java.base@11.0.16/sun.security.ssl.ServerHello$ServerHelloMessage.<init>(ServerHello.java:140)
 java.base@11.0.16/sun.security.ssl.ServerHello$ServerHelloConsumer.consume(ServerHello.java:865)
 java.base@11.0.16/sun.security.ssl.SSLHandshake.consume(SSLHandshake.java:392)
 java.base@11.0.16/sun.security.ssl.HandshakeContext.dispatch(HandshakeContext.java:443)
 java.base@11.0.16/sun.security.ssl.HandshakeContext.dispatch(HandshakeContext.java:421)
 java.base@11.0.16/sun.security.ssl.TransportContext.dispatch(TransportContext.java:183)
 java.base@11.0.16/sun.security.ssl.SSLTransport.decode(SSLTransport.java:172)
 java.base@11.0.16/sun.security.ssl.SSLSocketImpl.decode(SSLSocketImpl.java:1506)
 java.base@11.0.16/sun.security.ssl.SSLSocketImpl.readHandshakeRecord(SSLSocketImpl.java:1416)
 java.base@11.0.16/sun.security.ssl.SSLSocketImpl.startHandshake(SSLSocketImpl.java:456)
 java.base@11.0.16/sun.security.ssl.SSLSocketImpl.startHandshake(SSLSocketImpl.java:427)
 app//org.postgresql.ssl.MakeSSL.convert(MakeSSL.java:41)
 app//org.postgresql.core.v3.ConnectionFactoryImpl.enableSSL(ConnectionFactoryImpl.java:571)
 app//org.postgresql.core.v3.ConnectionFactoryImpl.tryConnect(ConnectionFactoryImpl.java:168)
 app//org.postgresql.core.v3.ConnectionFactoryImpl.openConnectionImpl(ConnectionFactoryImpl.java:235)
 app//org.postgresql.core.ConnectionFactory.openConnection(ConnectionFactory.java:49)
 app//org.postgresql.jdbc.PgConnection.<init>(PgConnection.java:223)
 app//org.postgresql.Driver.makeConnection(Driver.java:402)
 app//org.postgresql.Driver.connect(Driver.java:261)
 app//com.zaxxer.hikari.util.DriverDataSource.getConnection(DriverDataSource.java:138)
 app//com.zaxxer.hikari.pool.PoolBase.newConnection(PoolBase.java:364)
 app//com.zaxxer.hikari.pool.PoolBase.newPoolEntry(PoolBase.java:206)
 app//com.zaxxer.hikari.pool.HikariPool.createPoolEntry(HikariPool.java:476)
 app//com.zaxxer.hikari.pool.HikariPool.access$100(HikariPool.java:71)
 app//com.zaxxer.hikari.pool.HikariPool$PoolEntryCreator.call(HikariPool.java:726)
 app//com.zaxxer.hikari.pool.HikariPool$PoolEntryCreator.call(HikariPool.java:712)
 java.base@11.0.16/java.util.concurrent.FutureTask.run(FutureTask.java:264)
 java.base@11.0.16/java.util.concurrent.ThreadPoolExecutor.runWorker(ThreadPoolExecutor.java:1128)
 java.base@11.0.16/java.util.concurrent.ThreadPoolExecutor$Worker.run(ThreadPoolExecutor.java:628)
 java.base@11.0.16/java.lang.Thread.run(Thread.java:829)
level=WARN ts=2022-08-11 11:44:32.415 caller=restartedMain component=org.springframework.context.support.AbstractApplicationContext discovery=D msg=Exception encountered during context initialization - cancelling refresh attempt: org.springframework.context.ApplicationContextException: Unable to start web server; nested exception is org.springframework.boot.web.server.WebServerException: Unable to start embedded Tomcat
level=WARN ts=2022-08-11 11:45:25.307 caller=restartedMain component=org.apache.juli.logging.DirectJDKLog discovery=D msg=The web application [ROOT] appears to have started a thread named [HikariPool-1 housekeeper] but has failed to stop it. This is very likely to create a memory leak. Stack trace of thread:
 java.base@11.0.16/jdk.internal.misc.Unsafe.park(Native Method)
 java.base@11.0.16/java.util.concurrent.locks.LockSupport.parkNanos(LockSupport.java:234)
 java.base@11.0.16/java.util.concurrent.locks.AbstractQueuedSynchronizer$ConditionObject.awaitNanos(AbstractQueuedSynchronizer.java:2123)
 java.base@11.0.16/java.util.concurrent.ScheduledThreadPoolExecutor$DelayedWorkQueue.take(ScheduledThreadPoolExecutor.java:1182)
 java.base@11.0.16/java.util.concurrent.ScheduledThreadPoolExecutor$DelayedWorkQueue.take(ScheduledThreadPoolExecutor.java:899)
 java.base@11.0.16/java.util.concurrent.ThreadPoolExecutor.getTask(ThreadPoolExecutor.java:1054)
 java.base@11.0.16/java.util.concurrent.ThreadPoolExecutor.runWorker(ThreadPoolExecutor.java:1114)
 java.base@11.0.16/java.util.concurrent.ThreadPoolExecutor$Worker.run(ThreadPoolExecutor.java:628)
 java.base@11.0.16/java.lang.Thread.run(Thread.java:829)
level=WARN ts=2022-08-11 11:45:25.308 caller=restartedMain component=org.apache.juli.logging.DirectJDKLog discovery=D msg=The web application [ROOT] appears to have started a thread named [HikariPool-1 connection adder] but has failed to stop it. This is very likely to create a memory leak. Stack trace of thread:
 java.base@11.0.16/java.util.Arrays.fill(Arrays.java:3494)
 java.base@11.0.16/sun.security.provider.DigestBase.engineReset(DigestBase.java:182)
 java.base@11.0.16/sun.security.provider.DigestBase.engineUpdate(DigestBase.java:112)
 java.base@11.0.16/java.security.MessageDigest$Delegate.engineUpdate(MessageDigest.java:623)
 java.base@11.0.16/java.security.MessageDigest.update(MessageDigest.java:355)
 java.base@11.0.16/com.sun.crypto.provider.HmacCore.engineUpdate(HmacCore.java:180)
 java.base@11.0.16/javax.crypto.Mac.update(Mac.java:505)
 java.base@11.0.16/com.sun.crypto.provider.PBKDF2KeyImpl.deriveKey(PBKDF2KeyImpl.java:191)
 java.base@11.0.16/com.sun.crypto.provider.PBKDF2KeyImpl.<init>(PBKDF2KeyImpl.java:117)
 java.base@11.0.16/com.sun.crypto.provider.PBKDF2Core.engineGenerateSecret(PBKDF2Core.java:69)
 java.base@11.0.16/javax.crypto.SecretKeyFactory.generateSecret(SecretKeyFactory.java:344)
 app//org.postgresql.shaded.com.ongres.scram.common.util.CryptoUtil.hi(CryptoUtil.java:120)
 app//org.postgresql.shaded.com.ongres.scram.common.ScramMechanisms.saltedPassword(ScramMechanisms.java:154)
 app//org.postgresql.shaded.com.ongres.scram.common.ScramFunctions.saltedPassword(ScramFunctions.java:59)
 app//org.postgresql.shaded.com.ongres.scram.client.ScramSession$ClientFinalProcessor.<init>(ScramSession.java:196)
 app//org.postgresql.shaded.com.ongres.scram.client.ScramSession$ClientFinalProcessor.<init>(ScramSession.java:163)
 app//org.postgresql.shaded.com.ongres.scram.client.ScramSession$ServerFirstProcessor.clientFinalProcessor(ScramSession.java:130)
 app//org.postgresql.jre7.sasl.ScramAuthenticator.processServerFirstMessage(ScramAuthenticator.java:147)
 app//org.postgresql.core.v3.ConnectionFactoryImpl.doAuthentication(ConnectionFactoryImpl.java:816)
 app//org.postgresql.core.v3.ConnectionFactoryImpl.tryConnect(ConnectionFactoryImpl.java:180)
 app//org.postgresql.core.v3.ConnectionFactoryImpl.openConnectionImpl(ConnectionFactoryImpl.java:235)
 app//org.postgresql.core.ConnectionFactory.openConnection(ConnectionFactory.java:49)
 app//org.postgresql.jdbc.PgConnection.<init>(PgConnection.java:223)
 app//org.postgresql.Driver.makeConnection(Driver.java:402)
 app//org.postgresql.Driver.connect(Driver.java:261)
 app//com.zaxxer.hikari.util.DriverDataSource.getConnection(DriverDataSource.java:138)
 app//com.zaxxer.hikari.pool.PoolBase.newConnection(PoolBase.java:364)
 app//com.zaxxer.hikari.pool.PoolBase.newPoolEntry(PoolBase.java:206)
 app//com.zaxxer.hikari.pool.HikariPool.createPoolEntry(HikariPool.java:476)
 app//com.zaxxer.hikari.pool.HikariPool.access$100(HikariPool.java:71)
 app//com.zaxxer.hikari.pool.HikariPool$PoolEntryCreator.call(HikariPool.java:726)
 app//com.zaxxer.hikari.pool.HikariPool$PoolEntryCreator.call(HikariPool.java:712)
 java.base@11.0.16/java.util.concurrent.FutureTask.run(FutureTask.java:264)
 java.base@11.0.16/java.util.concurrent.ThreadPoolExecutor.runWorker(ThreadPoolExecutor.java:1128)
 java.base@11.0.16/java.util.concurrent.ThreadPoolExecutor$Worker.run(ThreadPoolExecutor.java:628)
 java.base@11.0.16/java.lang.Thread.run(Thread.java:829)
level=WARN ts=2022-08-11 11:45:25.319 caller=restartedMain component=org.springframework.context.support.AbstractApplicationContext discovery=D msg=Exception encountered during context initialization - cancelling refresh attempt: org.springframework.context.ApplicationContextException: Unable to start web server; nested exception is org.springframework.boot.web.server.WebServerException: Unable to start embedded Tomcat
level=WARN ts=2022-08-11 11:46:33.239 caller=restartedMain component=org.springframework.boot.autoconfigure.orm.jpa.JpaBaseConfiguration$JpaWebConfiguration discovery=D msg=spring.jpa.open-in-view is enabled by default. Therefore, database queries may be performed during view rendering. Explicitly configure spring.jpa.open-in-view to disable this warning
level=WARN ts=2022-08-11 11:47:53.054 caller=http-nio-8080-exec-2 component=org.springframework.web.servlet.handler.AbstractHandlerExceptionResolver discovery=D msg=Resolved [org.springframework.http.converter.HttpMessageNotReadableException: JSON parse error: Cannot construct instance of `com.projectV1.uniProject.Entities.Users` (although at least one Creator exists): no int/Int-argument constructor/factory method to deserialize from Number value (1); nested exception is com.fasterxml.jackson.databind.exc.MismatchedInputException: Cannot construct instance of `com.projectV1.uniProject.Entities.Users` (although at least one Creator exists): no int/Int-argument constructor/factory method to deserialize from Number value (1)<EOL> at [Source: (org.springframework.util.StreamUtils$NonClosingInputStream); line: 3, column: 13] (through reference chain: com.projectV1.uniProject.Entities.Student["user"])]
level=WARN ts=2022-08-11 12:17:10.948 caller=restartedMain component=org.springframework.boot.autoconfigure.orm.jpa.JpaBaseConfiguration$JpaWebConfiguration discovery=D msg=spring.jpa.open-in-view is enabled by default. Therefore, database queries may be performed during view rendering. Explicitly configure spring.jpa.open-in-view to disable this warning
level=WARN ts=2022-08-11 12:29:33.827 caller=restartedMain component=org.springframework.boot.autoconfigure.orm.jpa.JpaBaseConfiguration$JpaWebConfiguration discovery=D msg=spring.jpa.open-in-view is enabled by default. Therefore, database queries may be performed during view rendering. Explicitly configure spring.jpa.open-in-view to disable this warning
level=WARN ts=2022-08-11 12:30:49.673 caller=restartedMain component=org.springframework.boot.autoconfigure.orm.jpa.JpaBaseConfiguration$JpaWebConfiguration discovery=D msg=spring.jpa.open-in-view is enabled by default. Therefore, database queries may be performed during view rendering. Explicitly configure spring.jpa.open-in-view to disable this warning
level=WARN ts=2022-08-11 12:31:27.352 caller=http-nio-8080-exec-3 component=org.springframework.web.servlet.handler.AbstractHandlerExceptionResolver discovery=D msg=Resolved [org.springframework.web.HttpMediaTypeNotSupportedException: Content type 'multipart/form-data;boundary=--------------------------909378515389117209828410;charset=UTF-8' not supported]
level=WARN ts=2022-08-11 12:31:50.913 caller=http-nio-8080-exec-4 component=org.springframework.web.servlet.handler.AbstractHandlerExceptionResolver discovery=D msg=Resolved [org.springframework.web.HttpMediaTypeNotSupportedException: Content type 'application/x-www-form-urlencoded;charset=UTF-8' not supported]
level=WARN ts=2022-08-11 12:32:54.201 caller=restartedMain component=org.springframework.boot.autoconfigure.orm.jpa.JpaBaseConfiguration$JpaWebConfiguration discovery=D msg=spring.jpa.open-in-view is enabled by default. Therefore, database queries may be performed during view rendering. Explicitly configure spring.jpa.open-in-view to disable this warning
level=WARN ts=2022-08-11 12:34:53.767 caller=restartedMain component=org.springframework.boot.autoconfigure.orm.jpa.JpaBaseConfiguration$JpaWebConfiguration discovery=D msg=spring.jpa.open-in-view is enabled by default. Therefore, database queries may be performed during view rendering. Explicitly configure spring.jpa.open-in-view to disable this warning
